#
# There is insufficient memory for the Java Runtime Environment to continue.
# Native memory allocation (mmap) failed to map 17179869184 bytes for G1 virtual space
# Possible reasons:
#   The system is out of physical RAM or swap space
#   The process is running with CompressedOops enabled, and the Java Heap may be blocking the growth of the native heap
# Possible solutions:
#   Reduce memory load on the system
#   Increase physical memory or swap space
#   Check if swap backing store is full
#   Decrease Java heap size (-Xmx/-Xms)
#   Decrease number of Java threads
#   Decrease Java thread stack sizes (-Xss)
#   Set larger code cache with -XX:ReservedCodeCacheSize=
#   JVM is running with Zero Based Compressed Oops mode in which the Java heap is
#     placed in the first 32GB address space. The Java Heap base address is the
#     maximum limit for the native heap growth. Please use -XX:HeapBaseMinAddress
#     to set the Java Heap base and to place the Java Heap above 32GB virtual address.
# This output file may be truncated or incomplete.
#
#  Out of Memory Error (./open/src/hotspot/os/windows/os_windows.cpp:3321), pid=8712, tid=11140
#
# JRE version:  (15.0.2+7) (build )
# Java VM: Java HotSpot(TM) 64-Bit Server VM (15.0.2+7-27, mixed mode, sharing, tiered, compressed oops, g1 gc, windows-amd64)
# No core dump will be written. Minidumps are not enabled by default on client versions of Windows
#

---------------  S U M M A R Y ------------

Command Line: -XX:+ShowCodeDetailsInExceptionMessages -agentlib:jdwp=transport=dt_socket,suspend=y,address=localhost:58021 -Xms1024M -Xms16G -javaagent:C:\Users\Weist\eclipse\java-2020-12\eclipse\configuration\org.eclipse.osgi\220\0\.cp\lib\javaagent-shaded.jar -Dfile.encoding=UTF-8 org.matsim.contrib.ev.example.RunEvExample2

Host: Intel(R) Core(TM) i7-4810MQ CPU @ 2.80GHz, 8 cores, 7G,  Windows 10 , 64 bit Build 18362 (10.0.18362.1500)
Time: Mon Apr 19 10:34:00 2021 Mitteleuropäische Sommerzeit elapsed time: 0.012041 seconds (0d 0h 0m 0s)

---------------  T H R E A D  ---------------

Current thread (0x000001ce1472acb0):  JavaThread "Unknown thread" [_thread_in_vm, id=11140, stack(0x0000006974300000,0x0000006974400000)]

Stack: [0x0000006974300000,0x0000006974400000]
Native frames: (J=compiled Java code, j=interpreted, Vv=VM code, C=native code)
V  [jvm.dll+0x62ae9a]
V  [jvm.dll+0x7817a9]
V  [jvm.dll+0x782f03]
V  [jvm.dll+0x783563]
V  [jvm.dll+0x216325]
V  [jvm.dll+0x6281d9]
V  [jvm.dll+0x61cf55]
V  [jvm.dll+0x2cffdd]
V  [jvm.dll+0x2cfe42]
V  [jvm.dll+0x2d5e1c]
V  [jvm.dll+0x32590a]
V  [jvm.dll+0x324fd4]
V  [jvm.dll+0x2a6f5a]
V  [jvm.dll+0x2a80f8]
V  [jvm.dll+0x75e241]
V  [jvm.dll+0x3341c4]
V  [jvm.dll+0x73e926]
V  [jvm.dll+0x3b7557]
V  [jvm.dll+0x3b8fe1]
C  [jli.dll+0x52fb]
C  [ucrtbase.dll+0x210b2]
C  [KERNEL32.DLL+0x17c24]
C  [ntdll.dll+0x6d721]


---------------  P R O C E S S  ---------------

Threads class SMR info:
_java_thread_list=0x00007ffe8c7b4ff0, length=0, elements={
}

Java Threads: ( => current thread )

Other Threads:
  0x000001ce1263e870 GCTaskThread "GC Thread#0" [stack: 0x0000006974400000,0x0000006974500000] [id=14668]
  0x000001ce147dcc20 ConcurrentGCThread "G1 Main Marker" [stack: 0x0000006974500000,0x0000006974600000] [id=9412]
  0x000001ce147dd810 ConcurrentGCThread "G1 Conc#0" [stack: 0x0000006974600000,0x0000006974700000] [id=1140]

[error occurred during error reporting (printing all threads), id 0xc0000005, EXCEPTION_ACCESS_VIOLATION (0xc0000005) at pc=0x00007ffe8bfa7e27]

VM state: not at safepoint (not fully initialized)

VM Mutex/Monitor currently owned by a thread:  ([mutex/lock_event])
[0x000001ce147264e0] Heap_lock - owner thread: 0x000001ce1472acb0

Heap address: 0x0000000400000000, size: 16384 MB, Compressed Oops mode: Zero based, Oop shift amount: 3
CDS archive(s) mapped at: [0x0000000000000000-0x0000000000000000-0x0000000000000000), size 0, SharedBaseAddress: 0x0000000800000000, ArchiveRelocationMode: 0.
Narrow klass base: 0x0000000000000000, Narrow klass shift: 0, Narrow klass range: 0x0

Heap:
 garbage-first heap   total 16777216K, used 0K [0x0000000400000000, 0x0000000800000000)
  region size 8192K, 0 young (0K), 0 survivors (0K)
 Metaspace       used 0K, capacity 0K, committed 0K, reserved 0K
  class space    used 0K, capacity 0K, committed 0K, reserved 0K

Heap Regions: E=young(eden), S=young(survivor), O=old, HS=humongous(starts), HC=humongous(continues), CS=collection set, F=free, OA=open archive, CA=closed archive, TAMS=top-at-mark-start (previous, next)

Card table byte_map: [0x000001ce2dc70000,0x000001ce2fc70000] _byte_map_base: 0x000001ce2bc70000

Marking Bits (Prev, Next): (CMBitMap*) 0x000001ce147dc530, (CMBitMap*) 0x000001ce147dc570
 Prev Bits: [0x000001ce31c70000, 0x000001ce41c70000)
 Next Bits: [0x000001ce41c70000, 0x000001ce51c70000)

GC Heap History (0 events):
No events

Deoptimization events (0 events):
No events

Classes unloaded (0 events):
No events

Classes redefined (0 events):
No events

Internal exceptions (0 events):
No events

Events (1 events):
Event: 0.006 Loaded shared library C:\Program Files\Java\jdk-15.0.2\bin\java.dll


Dynamic libraries:
0x00007ff655a10000 - 0x00007ff655a1f000 	C:\Program Files\Java\jdk-15.0.2\bin\javaw.exe
0x00007ffec7980000 - 0x00007ffec7b70000 	C:\WINDOWS\SYSTEM32\ntdll.dll
0x00007ffec5e00000 - 0x00007ffec5eb2000 	C:\WINDOWS\System32\KERNEL32.DLL
0x00007ffec5550000 - 0x00007ffec57f5000 	C:\WINDOWS\System32\KERNELBASE.dll
0x00007ffec5930000 - 0x00007ffec5a2a000 	C:\WINDOWS\System32\ucrtbase.dll
0x00007ffec1020000 - 0x00007ffec1039000 	C:\Program Files\Java\jdk-15.0.2\bin\VCRUNTIME140.dll
0x00007ffebf650000 - 0x00007ffebf668000 	C:\Program Files\Java\jdk-15.0.2\bin\jli.dll
0x00007ffec5b60000 - 0x00007ffec5c03000 	C:\WINDOWS\System32\ADVAPI32.dll
0x00007ffec6330000 - 0x00007ffec63ce000 	C:\WINDOWS\System32\msvcrt.dll
0x00007ffec6880000 - 0x00007ffec6917000 	C:\WINDOWS\System32\sechost.dll
0x00007ffec5ec0000 - 0x00007ffec5fdf000 	C:\WINDOWS\System32\RPCRT4.dll
0x00007ffec6ee0000 - 0x00007ffec7074000 	C:\WINDOWS\System32\USER32.dll
0x00007ffec5520000 - 0x00007ffec5541000 	C:\WINDOWS\System32\win32u.dll
0x00007ffec63d0000 - 0x00007ffec63f6000 	C:\WINDOWS\System32\GDI32.dll
0x00007ffeba9c0000 - 0x00007ffebac44000 	C:\WINDOWS\WinSxS\amd64_microsoft.windows.common-controls_6595b64144ccf1df_6.0.18362.1500_none_9e79be6de462295c\COMCTL32.dll
0x00007ffec49a0000 - 0x00007ffec4b38000 	C:\WINDOWS\System32\gdi32full.dll
0x00007ffec6400000 - 0x00007ffec6736000 	C:\WINDOWS\System32\combase.dll
0x00007ffec52c0000 - 0x00007ffec535e000 	C:\WINDOWS\System32\msvcp_win.dll
0x00007ffec5850000 - 0x00007ffec58d1000 	C:\WINDOWS\System32\bcryptPrimitives.dll
0x00007ffec2de0000 - 0x00007ffec2dea000 	C:\WINDOWS\SYSTEM32\VERSION.dll
0x00007ffec6eb0000 - 0x00007ffec6ede000 	C:\WINDOWS\System32\IMM32.DLL
0x00007ffec02c0000 - 0x00007ffec02cc000 	C:\Program Files\Java\jdk-15.0.2\bin\vcruntime140_1.dll
0x00007ffeaa890000 - 0x00007ffeaa921000 	C:\Program Files\Java\jdk-15.0.2\bin\msvcp140.dll
0x00007ffe8bcf0000 - 0x00007ffe8c84e000 	C:\Program Files\Java\jdk-15.0.2\bin\server\jvm.dll
0x00007ffec7170000 - 0x00007ffec7178000 	C:\WINDOWS\System32\PSAPI.DLL
0x00007ffeb8a70000 - 0x00007ffeb8a79000 	C:\WINDOWS\SYSTEM32\WSOCK32.dll
0x00007ffebb6f0000 - 0x00007ffebb714000 	C:\WINDOWS\SYSTEM32\WINMM.dll
0x00007ffec6920000 - 0x00007ffec698f000 	C:\WINDOWS\System32\WS2_32.dll
0x00007ffebbed0000 - 0x00007ffebbefd000 	C:\WINDOWS\SYSTEM32\WINMMBASE.dll
0x00007ffec5800000 - 0x00007ffec584a000 	C:\WINDOWS\System32\cfgmgr32.dll
0x00007ffec4840000 - 0x00007ffec4851000 	C:\WINDOWS\System32\kernel.appcore.dll
0x00007ffebf670000 - 0x00007ffebf67a000 	C:\Program Files\Java\jdk-15.0.2\bin\jimage.dll
0x00007ffebd1b0000 - 0x00007ffebd3a4000 	C:\WINDOWS\SYSTEM32\DBGHELP.DLL
0x00007ffebd430000 - 0x00007ffebd45a000 	C:\WINDOWS\SYSTEM32\dbgcore.DLL
0x00007ffebcd00000 - 0x00007ffebcd39000 	C:\Program Files\Java\jdk-15.0.2\bin\jdwp.dll
0x00007ffebf400000 - 0x00007ffebf40e000 	C:\Program Files\Java\jdk-15.0.2\bin\instrument.dll
0x00007ffebec60000 - 0x00007ffebec85000 	C:\Program Files\Java\jdk-15.0.2\bin\java.dll

dbghelp: loaded successfully - version: 4.0.5 - missing functions: none
symbol engine: initialized successfully - sym options: 0x614 - pdb path: .;C:\Program Files\Java\jdk-15.0.2\bin;C:\WINDOWS\SYSTEM32;C:\WINDOWS\WinSxS\amd64_microsoft.windows.common-controls_6595b64144ccf1df_6.0.18362.1500_none_9e79be6de462295c;C:\Program Files\Java\jdk-15.0.2\bin\server

VM Arguments:
jvm_args: -XX:+ShowCodeDetailsInExceptionMessages -agentlib:jdwp=transport=dt_socket,suspend=y,address=localhost:58021 -Xms1024M -Xms16G -javaagent:C:\Users\Weist\eclipse\java-2020-12\eclipse\configuration\org.eclipse.osgi\220\0\.cp\lib\javaagent-shaded.jar -Dfile.encoding=UTF-8 
java_command: org.matsim.contrib.ev.example.RunEvExample2
java_class_path (initial): C:\Users\Weist\Desktop\eclipse-workspace\matsim-libs\contribs\ev\target\classes;C:\Users\Weist\Desktop\eclipse-workspace\matsim-libs\contribs\dvrp\target\classes;C:\Users\Weist\.m2\repository\org\apache\commons\commons-lang3\3.11\commons-lang3-3.11.jar;C:\Users\Weist\.m2\repository\com\google\guava\guava\30.0-jre\guava-30.0-jre.jar;C:\Users\Weist\.m2\repository\com\google\guava\failureaccess\1.0.1\failureaccess-1.0.1.jar;C:\Users\Weist\.m2\repository\com\google\guava\listenablefuture\9999.0-empty-to-avoid-conflict-with-guava\listenablefuture-9999.0-empty-to-avoid-conflict-with-guava.jar;C:\Users\Weist\.m2\repository\com\google\code\findbugs\jsr305\3.0.2\jsr305-3.0.2.jar;C:\Users\Weist\.m2\repository\org\checkerframework\checker-qual\3.5.0\checker-qual-3.5.0.jar;C:\Users\Weist\.m2\repository\com\google\errorprone\error_prone_annotations\2.3.4\error_prone_annotations-2.3.4.jar;C:\Users\Weist\.m2\repository\com\google\j2objc\j2objc-annotations\1.3\j2objc-annotations-1.3.jar;C:\Users\Weist\Desktop\eclipse-workspace\matsim-libs\contribs\otfvis\target\classes;C:\Users\Weist\.m2\repository\net\java\dev\timingframework\timingframework\1.0\timingframework-1.0.jar;C:\Users\Weist\.m2\repository\org\jogamp\gluegen\gluegen-rt\2.4.0-matsim-1\gluegen-rt-2.4.0-matsim-1.jar;C:\Users\Weist\.m2\repository\org\jogamp\gluegen\gluegen-rt\2.4.0-matsim-1\gluegen-rt-2.4.0-matsim-1-natives-macosx-universal.jar;C:\Users\Weist\.m2\repository\org\jogamp\gluegen\gluegen-rt\2.4.0-matsim-1\gluegen-rt-2.4.0-matsim-1-natives-linux-i586.jar;C:\Users\Weist\.m2\repository\org\jogamp\gluegen\gluegen-rt\2.4.0-matsim-1\gluegen-rt-2.4.0-matsim-1-natives-windows-i586.jar;C:\Users\Weist\.m2\repository\org\jogamp\gluegen\gluegen-rt\2.4.0-matsim-1\gluegen-rt-2.4.0-matsim-1-natives-windows-amd64.jar;C:\Users\Weist\.m2\repository\org\jogamp\gluegen\gluegen-rt\2.4.0-matsim-1\gluegen-rt-2.4.0-matsim-1-natives-linux-amd64.jar;C:\Users\Weist\.m2\repository\org\jogamp\jogl\jogl-all\2.4.0-
Launcher Type: SUN_STANDARD

[Global flags]
     intx CICompilerCount                          = 4                                         {product} {ergonomic}
     uint ConcGCThreads                            = 2                                         {product} {ergonomic}
     uint G1ConcRefinementThreads                  = 8                                         {product} {ergonomic}
   size_t G1HeapRegionSize                         = 8388608                                   {product} {ergonomic}
    uintx GCDrainStackTargetSize                   = 64                                        {product} {ergonomic}
   size_t InitialHeapSize                          = 17179869184                               {product} {command line}
   size_t MarkStackSize                            = 4194304                                   {product} {ergonomic}
   size_t MaxHeapSize                              = 17179869184                               {product} {ergonomic}
   size_t MinHeapDeltaBytes                        = 8388608                                   {product} {ergonomic}
   size_t MinHeapSize                              = 17179869184                               {product} {command line}
    uintx NonNMethodCodeHeapSize                   = 5839372                                {pd product} {ergonomic}
    uintx NonProfiledCodeHeapSize                  = 122909434                              {pd product} {ergonomic}
    uintx ProfiledCodeHeapSize                     = 122909434                              {pd product} {ergonomic}
    uintx ReservedCodeCacheSize                    = 251658240                              {pd product} {ergonomic}
     bool SegmentedCodeCache                       = true                                      {product} {ergonomic}
     bool ShowCodeDetailsInExceptionMessages       = true                                   {manageable} {command line}
   size_t SoftMaxHeapSize                          = 17179869184                            {manageable} {ergonomic}
     bool UseCompressedClassPointers               = true                                 {lp64_product} {ergonomic}
     bool UseCompressedOops                        = true                                 {lp64_product} {ergonomic}
     bool UseG1GC                                  = true                                      {product} {ergonomic}
     bool UseLargePagesIndividualAllocation        = false                                  {pd product} {ergonomic}

Logging:
Log output configuration:
 #0: stdout all=warning uptime,level,tags
 #1: stderr all=off uptime,level,tags

Environment Variables:
PATH=C:/Program Files/Java/jdk-15.0.2/bin/server;C:/Program Files/Java/jdk-15.0.2/bin;C:\Program Files (x86)\Common Files\Oracle\Java\javapath;C:\Program Files\Common Files\Oracle\Java\javapath;C:\Program Files\Python36\Scripts\;C:\Program Files\Python36\;C:\Program Files (x86)\Intel\iCLS Client\;C:\Program Files\Intel\iCLS Client\;C:\WINDOWS\system32;C:\WINDOWS;C:\WINDOWS\System32\Wbem;C:\WINDOWS\System32\WindowsPowerShell\v1.0\;C:\WINDOWS\System32\OpenSSH\;C:\Program Files (x86)\Intel\Intel(R) Management Engine Components\DAL;C:\Program Files\Intel\Intel(R) Management Engine Components\DAL;C:\Program Files (x86)\Intel\Intel(R) Management Engine Components\IPT;C:\Program Files\Intel\Intel(R) Management Engine Components\IPT;C:\Program Files\MATLAB\R2019a\runtime\win64;C:\Program Files\MATLAB\R2019a\bin;C:\Program Files\Microsoft SQL Server\130\Tools\Binn\;C:\PROGRA~1\ANSYSI~1\v190\CFD-Post\bin\cfdpost;C:\Program Files\Git\cmd;C:\Program Files\Microsoft VS Code\bin;C:\Strawberry\c\bin;C:\Strawberry\perl\site\bin;C:\Strawberry\perl\bin;C:\Users\Weist\AppData\Local\Microsoft\WindowsApps;C:\Users\Weist\AppData\Local\GitHubDesktop\bin;C:\Users\Weist\Desktop;
USERNAME=Weist
OS=Windows_NT
PROCESSOR_IDENTIFIER=Intel64 Family 6 Model 60 Stepping 3, GenuineIntel



---------------  S Y S T E M  ---------------

OS:
 Windows 10 , 64 bit Build 18362 (10.0.18362.1500)
OS uptime: 4 days 0:52 hours

CPU: total 8 (initial active 8) (4 cores per cpu, 2 threads per core) family 6 model 60 stepping 3 microcode 0x25, cmov, cx8, fxsr, mmx, sse, sse2, sse3, ssse3, sse4.1, sse4.2, popcnt, vzeroupper, avx, avx2, aes, clmul, erms, lzcnt, ht, tsc, tscinvbit, bmi1, bmi2, fma, clflush

Memory: 4k page, system-wide physical 8097M (2582M free)
TotalPageFile size 27090M (AvailPageFile size 3990M)
current process WorkingSet (physical memory assigned to process): 10M, peak: 10M
current process commit charge ("private bytes"): 61M, peak: 16444M

vm_info: Java HotSpot(TM) 64-Bit Server VM (15.0.2+7-27) for windows-amd64 JRE (15.0.2+7-27), built on Dec  7 2020 20:07:01 by "mach5one" with unknown MS VC++:1925

END.
